This file contains any messages produced by compilers while
running configure, to aid debugging if configure makes a mistake.

It was created by configure, which was
generated by GNU Autoconf 2.54.  Invocation command line was

  $ /home/tyu/Documents/concurrency-bugs/apache-21285/httpd-2.0.46/srclib/apr-util/configure --cache-file=/dev/null --srcdir=/home/tyu/Documents/concurrency-bugs/apache-21285/httpd-2.0.46/srclib/apr-util --with-apr=../apr --prefix=/usr/local/apache2 --exec-prefix=/usr/local/apache2 --libdir=${prefix}/lib --includedir=/usr/local/apache2/include --bindir=${prefix}/bin

## --------- ##
## Platform. ##
## --------- ##

hostname = ubuntu
uname -m = x86_64
uname -r = 3.16.0-48-generic
uname -s = Linux
uname -v = #64~14.04.1-Ubuntu SMP Thu Aug 20 23:03:57 UTC 2015

/usr/bin/uname -p = unknown
/bin/uname -X     = unknown

/bin/arch              = unknown
/usr/bin/arch -k       = unknown
/usr/convex/getsysinfo = unknown
hostinfo               = unknown
/bin/machine           = unknown
/usr/bin/oslevel       = unknown
/bin/universe          = unknown

PATH: /home/tyu/Documents/llvm-gcc4.2-2.9-x86_64-linux/bin
PATH: /home/tyu/Documents/llvm-2.9/Release/bin
PATH: /usr/local/sbin
PATH: /usr/local/bin
PATH: /usr/sbin
PATH: /usr/bin
PATH: /sbin
PATH: /bin
PATH: /usr/games
PATH: /usr/local/games


## ----------- ##
## Core tests. ##
## ----------- ##

configure:1471: checking build system type
configure:1489: result: x86_64-unknown-linux-gnu
configure:1497: checking host system type
configure:1511: result: x86_64-unknown-linux-gnu
configure:1519: checking target system type
configure:1533: result: x86_64-unknown-linux-gnu
configure:1554: checking for working mkdir -p
configure:1570: result: yes
configure:1654: checking for chosen layout
configure:1656: result: apr-util
configure:1863: checking for APR
configure:1923: result: yes
configure:2008: checking for gcc
configure:2034: result: gcc
configure:2276: checking for C compiler version
configure:2279: gcc --version </dev/null >&5
gcc (Ubuntu 4.8.4-2ubuntu1~14.04) 4.8.4
Copyright (C) 2013 Free Software Foundation, Inc.
This is free software; see the source for copying conditions.  There is NO
warranty; not even for MERCHANTABILITY or FITNESS FOR A PARTICULAR PURPOSE.

configure:2282: $? = 0
configure:2284: gcc -v </dev/null >&5
Using built-in specs.
COLLECT_GCC=gcc
COLLECT_LTO_WRAPPER=/usr/lib/gcc/x86_64-linux-gnu/4.8/lto-wrapper
Target: x86_64-linux-gnu
Configured with: ../src/configure -v --with-pkgversion='Ubuntu 4.8.4-2ubuntu1~14.04' --with-bugurl=file:///usr/share/doc/gcc-4.8/README.Bugs --enable-languages=c,c++,java,go,d,fortran,objc,obj-c++ --prefix=/usr --program-suffix=-4.8 --enable-shared --enable-linker-build-id --libexecdir=/usr/lib --without-included-gettext --enable-threads=posix --with-gxx-include-dir=/usr/include/c++/4.8 --libdir=/usr/lib --enable-nls --with-sysroot=/ --enable-clocale=gnu --enable-libstdcxx-debug --enable-libstdcxx-time=yes --enable-gnu-unique-object --disable-libmudflap --enable-plugin --with-system-zlib --disable-browser-plugin --enable-java-awt=gtk --enable-gtk-cairo --with-java-home=/usr/lib/jvm/java-1.5.0-gcj-4.8-amd64/jre --enable-java-home --with-jvm-root-dir=/usr/lib/jvm/java-1.5.0-gcj-4.8-amd64 --with-jvm-jar-dir=/usr/lib/jvm-exports/java-1.5.0-gcj-4.8-amd64 --with-arch-directory=amd64 --with-ecj-jar=/usr/share/java/eclipse-ecj.jar --enable-objc-gc --enable-multiarch --disable-werror --with-arch-32=i686 --with-abi=m64 --with-multilib-list=m32,m64,mx32 --with-tune=generic --enable-checking=release --build=x86_64-linux-gnu --host=x86_64-linux-gnu --target=x86_64-linux-gnu
Thread model: posix
gcc version 4.8.4 (Ubuntu 4.8.4-2ubuntu1~14.04) 
configure:2287: $? = 0
configure:2289: gcc -V </dev/null >&5
gcc: error: unrecognized command line option '-V'
gcc: fatal error: no input files
compilation terminated.
configure:2292: $? = 4
configure:2312: checking for C compiler default output
configure:2315: gcc    conftest.c  >&5
configure:2318: $? = 0
configure:2352: result: a.out
configure:2357: checking whether the C compiler works
configure:2363: ./a.out
configure:2366: $? = 0
configure:2381: result: yes
configure:2388: checking whether we are cross compiling
configure:2390: result: no
configure:2393: checking for suffix of executables
configure:2395: gcc -o conftest    conftest.c  >&5
configure:2398: $? = 0
configure:2421: result: 
configure:2427: checking for suffix of object files
configure:2445: gcc -c   conftest.c >&5
configure:2448: $? = 0
configure:2467: result: o
configure:2471: checking whether we are using the GNU C compiler
configure:2492: gcc -c   conftest.c >&5
configure:2495: $? = 0
configure:2498: test -s conftest.o
configure:2501: $? = 0
configure:2513: result: yes
configure:2519: checking whether gcc accepts -g
configure:2537: gcc -c -g  conftest.c >&5
configure:2540: $? = 0
configure:2543: test -s conftest.o
configure:2546: $? = 0
configure:2556: result: yes
configure:2573: checking for gcc option to accept ANSI C
configure:2630: gcc  -c -g -O2  conftest.c >&5
configure:2633: $? = 0
configure:2636: test -s conftest.o
configure:2639: $? = 0
configure:2656: result: none needed
configure:2674: gcc -c -g -O2  conftest.c >&5
conftest.c:2:3: error: unknown type name 'choke'
   choke me
   ^
conftest.c:2:3: error: expected '=', ',', ';', 'asm' or '__attribute__' at end of input
configure:2677: $? = 1
configure: failed program was:
#ifndef __cplusplus
  choke me
#endif
configure:2781: checking how to run the C preprocessor
configure:2883: result: gcc -E
configure:2898: gcc -E  conftest.c
configure:2904: $? = 0
configure:2931: gcc -E  conftest.c
configure:2927:28: fatal error: ac_nonexistent.h: No such file or directory
 #line $LINENO "configure"
                            ^
compilation terminated.
configure:2937: $? = 1
configure: failed program was:
#line 2926 "configure"
#include "confdefs.h"
#include <ac_nonexistent.h>
configure:2977: checking for egrep
configure:2987: result: grep -E
configure:2992: checking for ANSI C header files
configure:3006: gcc -E  conftest.c
configure:3012: $? = 0
configure:3099: gcc -o conftest -g -O2   conftest.c  >&5
configure: In function 'main':
configure:3090:7: warning: incompatible implicit declaration of built-in function 'exit' [enabled by default]
   int i;
       ^
configure:3102: $? = 0
configure:3104: ./conftest
configure:3107: $? = 0
configure:3121: result: yes
configure:3145: checking for sys/types.h
configure:3158: gcc -c -g -O2  conftest.c >&5
configure:3161: $? = 0
configure:3164: test -s conftest.o
configure:3167: $? = 0
configure:3177: result: yes
configure:3145: checking for sys/stat.h
configure:3158: gcc -c -g -O2  conftest.c >&5
configure:3161: $? = 0
configure:3164: test -s conftest.o
configure:3167: $? = 0
configure:3177: result: yes
configure:3145: checking for stdlib.h
configure:3158: gcc -c -g -O2  conftest.c >&5
configure:3161: $? = 0
configure:3164: test -s conftest.o
configure:3167: $? = 0
configure:3177: result: yes
configure:3145: checking for string.h
configure:3158: gcc -c -g -O2  conftest.c >&5
configure:3161: $? = 0
configure:3164: test -s conftest.o
configure:3167: $? = 0
configure:3177: result: yes
configure:3145: checking for memory.h
configure:3158: gcc -c -g -O2  conftest.c >&5
configure:3161: $? = 0
configure:3164: test -s conftest.o
configure:3167: $? = 0
configure:3177: result: yes
configure:3145: checking for strings.h
configure:3158: gcc -c -g -O2  conftest.c >&5
configure:3161: $? = 0
configure:3164: test -s conftest.o
configure:3167: $? = 0
configure:3177: result: yes
configure:3145: checking for inttypes.h
configure:3158: gcc -c -g -O2  conftest.c >&5
configure:3161: $? = 0
configure:3164: test -s conftest.o
configure:3167: $? = 0
configure:3177: result: yes
configure:3145: checking for stdint.h
configure:3158: gcc -c -g -O2  conftest.c >&5
configure:3161: $? = 0
configure:3164: test -s conftest.o
configure:3167: $? = 0
configure:3177: result: yes
configure:3145: checking for unistd.h
configure:3158: gcc -c -g -O2  conftest.c >&5
configure:3161: $? = 0
configure:3164: test -s conftest.o
configure:3167: $? = 0
configure:3177: result: yes
configure:6901: checking gdbm.h usability
configure:6910: gcc -c -g -O2  conftest.c >&5
configure:6938:18: fatal error: gdbm.h: No such file or directory
 _ACEOF
                  ^
compilation terminated.
configure:6913: $? = 1
configure: failed program was:
#line 6903 "configure"
#include "confdefs.h"
#include <stdio.h>
#if HAVE_SYS_TYPES_H
# include <sys/types.h>
#endif
#if HAVE_SYS_STAT_H
# include <sys/stat.h>
#endif
#if STDC_HEADERS
# include <stdlib.h>
# include <stddef.h>
#else
# if HAVE_STDLIB_H
#  include <stdlib.h>
# endif
#endif
#if HAVE_STRING_H
# if !STDC_HEADERS && HAVE_MEMORY_H
#  include <memory.h>
# endif
# include <string.h>
#endif
#if HAVE_STRINGS_H
# include <strings.h>
#endif
#if HAVE_INTTYPES_H
# include <inttypes.h>
#else
# if HAVE_STDINT_H
#  include <stdint.h>
# endif
#endif
#if HAVE_UNISTD_H
# include <unistd.h>
#endif
#include <gdbm.h>
configure:6928: result: no
configure:6932: checking gdbm.h presence
configure:6939: gcc -E  conftest.c
configure:6935:18: fatal error: gdbm.h: No such file or directory
 #line $LINENO "configure"
                  ^
compilation terminated.
configure:6945: $? = 1
configure: failed program was:
#line 6934 "configure"
#include "confdefs.h"
#include <gdbm.h>
configure:6963: result: no
configure:6981: checking for gdbm.h
configure:6988: result: no
configure:9382: checking db4/db.h usability
configure:9391: gcc -c -g -O2  conftest.c >&5
configure:9419:20: fatal error: db4/db.h: No such file or directory
 _ACEOF
                    ^
compilation terminated.
configure:9394: $? = 1
configure: failed program was:
#line 9384 "configure"
#include "confdefs.h"
#include <stdio.h>
#if HAVE_SYS_TYPES_H
# include <sys/types.h>
#endif
#if HAVE_SYS_STAT_H
# include <sys/stat.h>
#endif
#if STDC_HEADERS
# include <stdlib.h>
# include <stddef.h>
#else
# if HAVE_STDLIB_H
#  include <stdlib.h>
# endif
#endif
#if HAVE_STRING_H
# if !STDC_HEADERS && HAVE_MEMORY_H
#  include <memory.h>
# endif
# include <string.h>
#endif
#if HAVE_STRINGS_H
# include <strings.h>
#endif
#if HAVE_INTTYPES_H
# include <inttypes.h>
#else
# if HAVE_STDINT_H
#  include <stdint.h>
# endif
#endif
#if HAVE_UNISTD_H
# include <unistd.h>
#endif
#include <db4/db.h>
configure:9409: result: no
configure:9413: checking db4/db.h presence
configure:9420: gcc -E  conftest.c
configure:9416:20: fatal error: db4/db.h: No such file or directory
 #line $LINENO "configure"
                    ^
compilation terminated.
configure:9426: $? = 1
configure: failed program was:
#line 9415 "configure"
#include "confdefs.h"
#include <db4/db.h>
configure:9444: result: no
configure:9462: checking for db4/db.h
configure:9469: result: no
configure:9605: checking db.h usability
configure:9614: gcc -c -g -O2  conftest.c >&5
configure:9642:16: fatal error: db.h: No such file or directory
 _ACEOF
                ^
compilation terminated.
configure:9617: $? = 1
configure: failed program was:
#line 9607 "configure"
#include "confdefs.h"
#include <stdio.h>
#if HAVE_SYS_TYPES_H
# include <sys/types.h>
#endif
#if HAVE_SYS_STAT_H
# include <sys/stat.h>
#endif
#if STDC_HEADERS
# include <stdlib.h>
# include <stddef.h>
#else
# if HAVE_STDLIB_H
#  include <stdlib.h>
# endif
#endif
#if HAVE_STRING_H
# if !STDC_HEADERS && HAVE_MEMORY_H
#  include <memory.h>
# endif
# include <string.h>
#endif
#if HAVE_STRINGS_H
# include <strings.h>
#endif
#if HAVE_INTTYPES_H
# include <inttypes.h>
#else
# if HAVE_STDINT_H
#  include <stdint.h>
# endif
#endif
#if HAVE_UNISTD_H
# include <unistd.h>
#endif
#include <db.h>
configure:9632: result: no
configure:9636: checking db.h presence
configure:9643: gcc -E  conftest.c
configure:9639:16: fatal error: db.h: No such file or directory
 #line $LINENO "configure"
                ^
compilation terminated.
configure:9649: $? = 1
configure: failed program was:
#line 9638 "configure"
#include "confdefs.h"
#include <db.h>
configure:9667: result: no
configure:9685: checking for db.h
configure:9692: result: no
configure:9951: checking db3/db.h usability
configure:9960: gcc -c -g -O2  conftest.c >&5
configure:9988:20: fatal error: db3/db.h: No such file or directory
 _ACEOF
                    ^
compilation terminated.
configure:9963: $? = 1
configure: failed program was:
#line 9953 "configure"
#include "confdefs.h"
#include <stdio.h>
#if HAVE_SYS_TYPES_H
# include <sys/types.h>
#endif
#if HAVE_SYS_STAT_H
# include <sys/stat.h>
#endif
#if STDC_HEADERS
# include <stdlib.h>
# include <stddef.h>
#else
# if HAVE_STDLIB_H
#  include <stdlib.h>
# endif
#endif
#if HAVE_STRING_H
# if !STDC_HEADERS && HAVE_MEMORY_H
#  include <memory.h>
# endif
# include <string.h>
#endif
#if HAVE_STRINGS_H
# include <strings.h>
#endif
#if HAVE_INTTYPES_H
# include <inttypes.h>
#else
# if HAVE_STDINT_H
#  include <stdint.h>
# endif
#endif
#if HAVE_UNISTD_H
# include <unistd.h>
#endif
#include <db3/db.h>
configure:9978: result: no
configure:9982: checking db3/db.h presence
configure:9989: gcc -E  conftest.c
configure:9985:20: fatal error: db3/db.h: No such file or directory
 #line $LINENO "configure"
                    ^
compilation terminated.
configure:9995: $? = 1
configure: failed program was:
#line 9984 "configure"
#include "confdefs.h"
#include <db3/db.h>
configure:10013: result: no
configure:10031: checking for db3/db.h
configure:10038: result: no
configure:10106: checking for db.h
configure:10111: result: no
configure:10282: checking db2/db.h usability
configure:10291: gcc -c -g -O2  conftest.c >&5
configure:10319:20: fatal error: db2/db.h: No such file or directory
 _ACEOF
                    ^
compilation terminated.
configure:10294: $? = 1
configure: failed program was:
#line 10284 "configure"
#include "confdefs.h"
#include <stdio.h>
#if HAVE_SYS_TYPES_H
# include <sys/types.h>
#endif
#if HAVE_SYS_STAT_H
# include <sys/stat.h>
#endif
#if STDC_HEADERS
# include <stdlib.h>
# include <stddef.h>
#else
# if HAVE_STDLIB_H
#  include <stdlib.h>
# endif
#endif
#if HAVE_STRING_H
# if !STDC_HEADERS && HAVE_MEMORY_H
#  include <memory.h>
# endif
# include <string.h>
#endif
#if HAVE_STRINGS_H
# include <strings.h>
#endif
#if HAVE_INTTYPES_H
# include <inttypes.h>
#else
# if HAVE_STDINT_H
#  include <stdint.h>
# endif
#endif
#if HAVE_UNISTD_H
# include <unistd.h>
#endif
#include <db2/db.h>
configure:10309: result: no
configure:10313: checking db2/db.h presence
configure:10320: gcc -E  conftest.c
configure:10316:20: fatal error: db2/db.h: No such file or directory
 #line $LINENO "configure"
                    ^
compilation terminated.
configure:10326: $? = 1
configure: failed program was:
#line 10315 "configure"
#include "confdefs.h"
#include <db2/db.h>
configure:10344: result: no
configure:10362: checking for db2/db.h
configure:10369: result: no
configure:10437: checking for db.h
configure:10442: result: no
configure:10613: checking db1/db.h usability
configure:10622: gcc -c -g -O2  conftest.c >&5
configure:10650:20: fatal error: db1/db.h: No such file or directory
 _ACEOF
                    ^
compilation terminated.
configure:10625: $? = 1
configure: failed program was:
#line 10615 "configure"
#include "confdefs.h"
#include <stdio.h>
#if HAVE_SYS_TYPES_H
# include <sys/types.h>
#endif
#if HAVE_SYS_STAT_H
# include <sys/stat.h>
#endif
#if STDC_HEADERS
# include <stdlib.h>
# include <stddef.h>
#else
# if HAVE_STDLIB_H
#  include <stdlib.h>
# endif
#endif
#if HAVE_STRING_H
# if !STDC_HEADERS && HAVE_MEMORY_H
#  include <memory.h>
# endif
# include <string.h>
#endif
#if HAVE_STRINGS_H
# include <strings.h>
#endif
#if HAVE_INTTYPES_H
# include <inttypes.h>
#else
# if HAVE_STDINT_H
#  include <stdint.h>
# endif
#endif
#if HAVE_UNISTD_H
# include <unistd.h>
#endif
#include <db1/db.h>
configure:10640: result: no
configure:10644: checking db1/db.h presence
configure:10651: gcc -E  conftest.c
configure:10647:20: fatal error: db1/db.h: No such file or directory
 #line $LINENO "configure"
                    ^
compilation terminated.
configure:10657: $? = 1
configure: failed program was:
#line 10646 "configure"
#include "confdefs.h"
#include <db1/db.h>
configure:10675: result: no
configure:10693: checking for db1/db.h
configure:10700: result: no
configure:10768: checking for db.h
configure:10773: result: no
configure:11003: checking db_185.h usability
configure:11012: gcc -c -g -O2  conftest.c >&5
configure:11040:20: fatal error: db_185.h: No such file or directory
 _ACEOF
                    ^
compilation terminated.
configure:11015: $? = 1
configure: failed program was:
#line 11005 "configure"
#include "confdefs.h"
#include <stdio.h>
#if HAVE_SYS_TYPES_H
# include <sys/types.h>
#endif
#if HAVE_SYS_STAT_H
# include <sys/stat.h>
#endif
#if STDC_HEADERS
# include <stdlib.h>
# include <stddef.h>
#else
# if HAVE_STDLIB_H
#  include <stdlib.h>
# endif
#endif
#if HAVE_STRING_H
# if !STDC_HEADERS && HAVE_MEMORY_H
#  include <memory.h>
# endif
# include <string.h>
#endif
#if HAVE_STRINGS_H
# include <strings.h>
#endif
#if HAVE_INTTYPES_H
# include <inttypes.h>
#else
# if HAVE_STDINT_H
#  include <stdint.h>
# endif
#endif
#if HAVE_UNISTD_H
# include <unistd.h>
#endif
#include <db_185.h>
configure:11030: result: no
configure:11034: checking db_185.h presence
configure:11041: gcc -E  conftest.c
configure:11037:20: fatal error: db_185.h: No such file or directory
 #line $LINENO "configure"
                    ^
compilation terminated.
configure:11047: $? = 1
configure: failed program was:
#line 11036 "configure"
#include "confdefs.h"
#include <db_185.h>
configure:11065: result: no
configure:11083: checking for db_185.h
configure:11090: result: no
configure:11161: checking for Berkeley DB
configure:11168: result: not found
configure:13049: checking for default DBM
configure:13051: result: sdbm (default)
configure:13350: checking for Expat in /usr
configure:13417: result: no
configure:13350: checking for Expat in /usr/local
configure:13417: result: no
configure:13350: checking for Expat in xml/expat-cvs
configure:13417: result: no
configure:13350: checking for Expat in xml/expat
configure:13414: result: yes
configure:13881: checking iconv.h usability
configure:13890: gcc -c -g -O2  conftest.c >&5
configure:13893: $? = 0
configure:13896: test -s conftest.o
configure:13899: $? = 0
configure:13908: result: yes
configure:13912: checking iconv.h presence
configure:13919: gcc -E  conftest.c
configure:13925: $? = 0
configure:13943: result: yes
configure:13961: checking for iconv.h
configure:13968: result: yes
configure:13994: gcc -o conftest -g -O2   conftest.c  >&5
configure:13997: $? = 0
configure:14000: test -s conftest
configure:14003: $? = 0
configure:14240: checking for type of inbuf parameter to iconv
configure:14287: result: char **
configure:14299: checking for iconv.h
configure:14304: result: yes
configure:14308: checking langinfo.h usability
configure:14317: gcc -c -g -O2  conftest.c >&5
configure:14320: $? = 0
configure:14323: test -s conftest.o
configure:14326: $? = 0
configure:14335: result: yes
configure:14339: checking langinfo.h presence
configure:14346: gcc -E  conftest.c
configure:14352: $? = 0
configure:14370: result: yes
configure:14388: checking for langinfo.h
configure:14395: result: yes
configure:14424: checking for nl_langinfo
configure:14461: gcc -o conftest -g -O2   conftest.c  >&5
configure:14464: $? = 0
configure:14467: test -s conftest
configure:14470: $? = 0
configure:14480: result: yes
configure:14501: checking for CODESET in langinfo.h
configure:14527: result: yes
configure:14541: checking for library containing crypt
configure:14568: gcc -o conftest -g -O2   conftest.c  >&5
/tmp/ccWnVE5H.o: In function `main':
/home/tyu/Documents/concurrency-bugs/apache-21285/httpd-2.0.46/srclib/apr-util/configure:14560: undefined reference to `crypt'
collect2: error: ld returned 1 exit status
configure:14571: $? = 1
configure: failed program was:
#line 14548 "configure"
#include "confdefs.h"

/* Override any gcc2 internal prototype to avoid an error.  */
#ifdef __cplusplus
extern "C"
#endif
/* We use char because int might match the return type of a gcc2
   builtin and then its argument prototype would still apply.  */
char crypt ();
int
main ()
{
crypt ();
  ;
  return 0;
}
configure:14608: gcc -o conftest -g -O2   conftest.c -lcrypt   >&5
configure:14611: $? = 0
configure:14614: test -s conftest
configure:14617: $? = 0
configure:14630: result: -lcrypt
configure:14637: checking if system crypt() function is threadsafe
configure:14649: result: no
configure:14656: checking for crypt_r
configure:14693: gcc -o conftest -g -O2   conftest.c -lcrypt  >&5
configure:14696: $? = 0
configure:14699: test -s conftest
configure:14702: $? = 0
configure:14712: result: yes
configure:14726: checking style of crypt_r
configure:14751: gcc -c -g -O2  conftest.c >&5
configure: In function 'main':
configure:14741:1: error: unknown type name 'CRYPTD'
 {
 ^
configure:14754: $? = 1
configure: failed program was:
#line 14733 "configure"
#include "confdefs.h"

#include <crypt.h>

int
main ()
{

CRYPTD buffer;
crypt_r("passwd", "hash", &buffer);

  ;
  return 0;
}
configure:14787: gcc -c -g -O2  conftest.c >&5
configure: In function 'main':
configure:14777:19: error: storage size of 'buffer' isn't known
 {
                   ^
configure:14790: $? = 1
configure: failed program was:
#line 14769 "configure"
#include "confdefs.h"

#include <crypt.h>

int
main ()
{

struct crypt_data buffer;
crypt_r("passwd", "hash", &buffer);

  ;
  return 0;
}
configure:14825: gcc -c -g -O2  conftest.c >&5
configure:14828: $? = 0
configure:14831: test -s conftest.o
configure:14834: $? = 0
configure:14845: result: struct_crypt_data_gnu_source
configure:15067: creating ./config.status

## ---------------------- ##
## Running config.status. ##
## ---------------------- ##

This file was extended by config.status, which was
generated by GNU Autoconf 2.54.  Invocation command line was

  CONFIG_FILES    = 
  CONFIG_HEADERS  = 
  CONFIG_LINKS    = 
  CONFIG_COMMANDS = 
  $ ./config.status 

on ubuntu

config.status:646: creating export_vars.sh
config.status:646: creating apu-config
config.status:646: creating include/private/apu_select_dbm.h
config.status:646: creating include/apr_ldap.h
config.status:646: creating include/apu.h
config.status:646: creating Makefile
config.status:646: creating buckets/Makefile
config.status:646: creating crypto/Makefile
config.status:646: creating dbm/Makefile
config.status:646: creating dbm/sdbm/Makefile
config.status:646: creating encoding/Makefile
config.status:646: creating hooks/Makefile
config.status:646: creating ldap/Makefile
config.status:646: creating uri/Makefile
config.status:646: creating xml/Makefile
config.status:646: creating misc/Makefile
config.status:646: creating strmatch/Makefile
config.status:646: creating xlate/Makefile
config.status:646: creating test/Makefile
config.status:742: creating include/private/apu_config.h
config.status:955: executing default commands

## ---------------- ##
## Cache variables. ##
## ---------------- ##

ac_cv_build=x86_64-unknown-linux-gnu
ac_cv_build_alias=x86_64-unknown-linux-gnu
ac_cv_c_compiler_gnu=yes
ac_cv_crypt_r_style=struct_crypt_data_gnu_source
ac_cv_define_CODESET=yes
ac_cv_env_CC_set=
ac_cv_env_CC_value=
ac_cv_env_CFLAGS_set=
ac_cv_env_CFLAGS_value=
ac_cv_env_CPPFLAGS_set=
ac_cv_env_CPPFLAGS_value=
ac_cv_env_CPP_set=
ac_cv_env_CPP_value=
ac_cv_env_LDFLAGS_set=
ac_cv_env_LDFLAGS_value=
ac_cv_env_build_alias_set=
ac_cv_env_build_alias_value=
ac_cv_env_host_alias_set=
ac_cv_env_host_alias_value=
ac_cv_env_target_alias_set=
ac_cv_env_target_alias_value=
ac_cv_exeext=
ac_cv_func_crypt_r=yes
ac_cv_func_nl_langinfo=yes
ac_cv_header_db1_db_h=no
ac_cv_header_db2_db_h=no
ac_cv_header_db3_db_h=no
ac_cv_header_db4_db_h=no
ac_cv_header_db_185_h=no
ac_cv_header_db_h=no
ac_cv_header_gdbm_h=no
ac_cv_header_iconv_h=yes
ac_cv_header_inttypes_h=yes
ac_cv_header_langinfo_h=yes
ac_cv_header_memory_h=yes
ac_cv_header_stdc=yes
ac_cv_header_stdint_h=yes
ac_cv_header_stdlib_h=yes
ac_cv_header_string_h=yes
ac_cv_header_strings_h=yes
ac_cv_header_sys_stat_h=yes
ac_cv_header_sys_types_h=yes
ac_cv_header_unistd_h=yes
ac_cv_host=x86_64-unknown-linux-gnu
ac_cv_host_alias=x86_64-unknown-linux-gnu
ac_cv_mkdir_p=yes
ac_cv_objext=o
ac_cv_prog_CPP='gcc -E'
ac_cv_prog_ac_ct_CC=gcc
ac_cv_prog_cc_g=yes
ac_cv_prog_cc_stdc=
ac_cv_prog_egrep='grep -E'
ac_cv_search_crypt=-lcrypt
ac_cv_target=x86_64-unknown-linux-gnu
ac_cv_target_alias=x86_64-unknown-linux-gnu

## ----------------- ##
## Output variables. ##
## ----------------- ##

APRUTIL_DOTTED_VERSION='0.9.4'
APRUTIL_EXPORT_LIBS='/home/tyu/Documents/concurrency-bugs/apache-21285/httpd-2.0.46/srclib/apr-util/xml/expat/lib/libexpat.la'
APRUTIL_INCLUDES='-I/home/tyu/Documents/concurrency-bugs/apache-21285/httpd-2.0.46/srclib/apr-util/xml/expat/lib'
APRUTIL_LDFLAGS='-L/home/tyu/Documents/concurrency-bugs/apache-21285/httpd-2.0.46/srclib/apr-util/xml/expat/lib'
APRUTIL_LIBNAME='aprutil-${APRUTIL_MAJOR_VERSION}'
APRUTIL_LIBS='/home/tyu/Documents/concurrency-bugs/apache-21285/httpd-2.0.46/srclib/apr-util/xml/expat/lib/libexpat.la /home/tyu/Documents/concurrency-bugs/apache-21285/httpd-2.0.46/srclib/apr/libapr-0.la -lrt -lm -lcrypt -lnsl -ldl'
APRUTIL_MAJOR_VERSION='0'
APRUTIL_PRIV_INCLUDES='-I/home/tyu/Documents/concurrency-bugs/apache-21285/httpd-2.0.46/srclib/apr-util/include -I/home/tyu/Documents/concurrency-bugs/apache-21285/httpd-2.0.46/srclib/apr-util/include/private'
APR_BUILD_DIR='/home/tyu/Documents/concurrency-bugs/apache-21285/httpd-2.0.46/srclib/apr/build'
APR_INCLUDES=' -I/home/tyu/Documents/concurrency-bugs/apache-21285/httpd-2.0.46/srclib/apr/include '
APR_LIBS=' /home/tyu/Documents/concurrency-bugs/apache-21285/httpd-2.0.46/srclib/apr/libapr-0.la -lrt -lm -lcrypt -lnsl  -ldl'
APR_SOURCE_DIR='/home/tyu/Documents/concurrency-bugs/apache-21285/httpd-2.0.46/srclib/apr'
APR_XML_DIR='xml/expat'
APR_XML_EXPAT_OLD=''
APR_XML_SUBDIRS='expat'
CC='gcc'
CFLAGS='-g -O2'
CPP='gcc -E'
CPPFLAGS='-D_GNU_SOURCE'
DEFS='-DHAVE_CONFIG_H'
ECHO_C=''
ECHO_N='-n'
ECHO_T=''
EGREP='grep -E'
EXEEXT=''
EXTRA_OS_LINK=''
INCLUDE_RULES='include /home/tyu/Documents/concurrency-bugs/apache-21285/httpd-2.0.46/srclib/apr-util/build/rules.mk'
LDFLAGS=''
LIBOBJS=''
LIBS='-lcrypt '
LTLIBOBJS=''
OBJEXT='o'
PACKAGE_BUGREPORT=''
PACKAGE_NAME=''
PACKAGE_STRING=''
PACKAGE_TARNAME=''
PACKAGE_VERSION=''
PATH_SEPARATOR=':'
SHELL='/bin/bash'
abs_builddir='/home/tyu/Documents/concurrency-bugs/apache-21285/httpd-2.0.46/srclib/apr-util'
abs_srcdir='/home/tyu/Documents/concurrency-bugs/apache-21285/httpd-2.0.46/srclib/apr-util'
ac_ct_CC='gcc'
apu_db_header='db.h'
apu_db_version='0'
apu_has_ldap='0'
apu_has_ldap_netscape_ssl='0'
apu_has_ldap_starttls='0'
apu_have_db='0'
apu_have_gdbm='0'
apu_have_ndbm='0'
apu_have_sdbm='1'
apu_use_db='0'
apu_use_gdbm='0'
apu_use_ndbm='0'
apu_use_sdbm='1'
bindir='${prefix}/bin'
build='x86_64-unknown-linux-gnu'
build_alias=''
build_cpu='x86_64'
build_os='linux-gnu'
build_vendor='unknown'
datadir='${prefix}'
exec_prefix='/usr/local/apache2'
have_iconv='1'
host='x86_64-unknown-linux-gnu'
host_alias='Linux'
host_cpu='x86_64'
host_os='linux-gnu'
host_vendor='unknown'
includedir='/usr/local/apache2/include'
infodir='${prefix}/info'
lber_h=''
ldap_h=''
ldap_ssl_h=''
lib_target='-rpath $(libdir) $$objects'
libdir='${prefix}/lib'
libexecdir='${exec_prefix}/modules'
localstatedir='${prefix}'
mandir='${prefix}/man'
oldincludedir='/usr/include'
prefix='/usr/local/apache2'
program_transform_name='s,x,x,'
sbindir='${exec_prefix}/bin'
sharedstatedir='${prefix}/com'
so_ext='lo'
sysconfdir='${prefix}/conf'
target='x86_64-unknown-linux-gnu'
target_alias=''
target_cpu='x86_64'
target_os='linux-gnu'
target_vendor='unknown'
top_builddir='/home/tyu/Documents/concurrency-bugs/apache-21285/httpd-2.0.46/srclib/apr-util'

## ----------- ##
## confdefs.h. ##
## ----------- ##

#define CRYPT_R_STRUCT_CRYPT_DATA 1
#define HAVE_CODESET 1
#define HAVE_CRYPT_R 1
#define HAVE_ICONV_H 1
#define HAVE_INTTYPES_H 1
#define HAVE_LANGINFO_H 1
#define HAVE_MEMORY_H 1
#define HAVE_NL_LANGINFO 1
#define HAVE_STDINT_H 1
#define HAVE_STDLIB_H 1
#define HAVE_STRINGS_H 1
#define HAVE_STRING_H 1
#define HAVE_SYS_STAT_H 1
#define HAVE_SYS_TYPES_H 1
#define HAVE_UNISTD_H 1
#define PACKAGE_BUGREPORT ""
#define PACKAGE_NAME ""
#define PACKAGE_STRING ""
#define PACKAGE_TARNAME ""
#define PACKAGE_VERSION ""
#define STDC_HEADERS 1

configure: exit 0
