This file contains any messages produced by compilers while
running configure, to aid debugging if configure makes a mistake.

It was created by configure, which was
generated by GNU Autoconf 2.54.  Invocation command line was

  $ /home/tyu/Documents/concurrency-bugs/apache-25520/httpd-2.0.48/srclib/pcre/configure --prefix=/home/tyu/Documents/concurrency-bugs/apache-25520/build/installed --enable-static-htpasswd --disable-shared CC=/home/tyu/Documents/llvm/Release+Asserts/bin/clang CFLAGS=-emit-llvm -flto -g CPP=/home/tyu/Documents/llvm/Release+Asserts/bin/clang -E --cache-file=/dev/null --srcdir=/home/tyu/Documents/concurrency-bugs/apache-25520/httpd-2.0.48/srclib/pcre --prefix=/home/tyu/Documents/concurrency-bugs/apache-25520/build/installed --exec-prefix=/home/tyu/Documents/concurrency-bugs/apache-25520/build/installed --libdir=${prefix}/lib --includedir=/home/tyu/Documents/concurrency-bugs/apache-25520/build/installed/include --bindir=${prefix}/bin

## --------- ##
## Platform. ##
## --------- ##

hostname = ubuntu
uname -m = x86_64
uname -r = 3.16.0-30-generic
uname -s = Linux
uname -v = #40~14.04.1-Ubuntu SMP Thu Jan 15 17:43:14 UTC 2015

/usr/bin/uname -p = unknown
/bin/uname -X     = unknown

/bin/arch              = unknown
/usr/bin/arch -k       = unknown
/usr/convex/getsysinfo = unknown
hostinfo               = unknown
/bin/machine           = unknown
/usr/bin/oslevel       = unknown
/bin/universe          = unknown

PATH: /usr/local/sbin
PATH: /usr/local/bin
PATH: /usr/sbin
PATH: /usr/bin
PATH: /sbin
PATH: /bin
PATH: /usr/games
PATH: /usr/local/games


## ----------- ##
## Core tests. ##
## ----------- ##

configure:1290: checking for gcc
configure:1316: result: /home/tyu/Documents/llvm/Release+Asserts/bin/clang
configure:1558: checking for C compiler version
configure:1561: /home/tyu/Documents/llvm/Release+Asserts/bin/clang --version </dev/null >&5
clang version 3.2 (tags/RELEASE_32/final)
Target: x86_64-unknown-linux-gnu
Thread model: posix
configure:1564: $? = 0
configure:1566: /home/tyu/Documents/llvm/Release+Asserts/bin/clang -v </dev/null >&5
clang version 3.2 (tags/RELEASE_32/final)
Target: x86_64-unknown-linux-gnu
Thread model: posix
configure:1569: $? = 0
configure:1571: /home/tyu/Documents/llvm/Release+Asserts/bin/clang -V </dev/null >&5
clang: error: argument to '-V' is missing (expected 1 value)
clang: error: no input files
configure:1574: $? = 1
configure:1594: checking for C compiler default output
configure:1597: /home/tyu/Documents/llvm/Release+Asserts/bin/clang -emit-llvm -flto -g   conftest.c  >&5
clang: warning: argument unused during compilation: '-flto'
configure:1600: $? = 0
configure:1634: result: a.out
configure:1639: checking whether the C compiler works
configure:1645: ./a.out
configure:1648: $? = 0
configure:1663: result: yes
configure:1670: checking whether we are cross compiling
configure:1672: result: no
configure:1675: checking for suffix of executables
configure:1677: /home/tyu/Documents/llvm/Release+Asserts/bin/clang -o conftest -emit-llvm -flto -g   conftest.c  >&5
clang: warning: argument unused during compilation: '-flto'
configure:1680: $? = 0
configure:1703: result: 
configure:1709: checking for suffix of object files
configure:1727: /home/tyu/Documents/llvm/Release+Asserts/bin/clang -c -emit-llvm -flto -g  conftest.c >&5
clang: warning: argument unused during compilation: '-flto'
configure:1730: $? = 0
configure:1749: result: o
configure:1753: checking whether we are using the GNU C compiler
configure:1774: /home/tyu/Documents/llvm/Release+Asserts/bin/clang -c -emit-llvm -flto -g  conftest.c >&5
clang: warning: argument unused during compilation: '-flto'
configure:1777: $? = 0
configure:1780: test -s conftest.o
configure:1783: $? = 0
configure:1795: result: yes
configure:1801: checking whether /home/tyu/Documents/llvm/Release+Asserts/bin/clang accepts -g
configure:1819: /home/tyu/Documents/llvm/Release+Asserts/bin/clang -c -g  conftest.c >&5
configure:1822: $? = 0
configure:1825: test -s conftest.o
configure:1828: $? = 0
configure:1838: result: yes
configure:1855: checking for /home/tyu/Documents/llvm/Release+Asserts/bin/clang option to accept ANSI C
configure:1912: /home/tyu/Documents/llvm/Release+Asserts/bin/clang  -c -emit-llvm -flto -g  conftest.c >&5
clang: warning: argument unused during compilation: '-flto'
configure:1915: $? = 0
configure:1918: test -s conftest.o
configure:1921: $? = 0
configure:1938: result: none needed
configure:1956: /home/tyu/Documents/llvm/Release+Asserts/bin/clang -c -emit-llvm -flto -g  conftest.c >&5
clang: warning: argument unused during compilation: '-flto'
conftest.c:2:3: error: unknown type name 'choke'
  choke me
  ^
conftest.c:2:11: error: expected ';' after top level declarator
  choke me
          ^
          ;
2 errors generated.
configure:1959: $? = 1
configure: failed program was:
#ifndef __cplusplus
  choke me
#endif
configure:2098: checking for ranlib
configure:2125: result: ar --plugin=/home/tyu/Documents/llvm/Release+Asserts/lib/LLVMgold.so -s
configure:2145: checking how to run the C preprocessor
configure:2247: result: /home/tyu/Documents/llvm/Release+Asserts/bin/clang -E
configure:2262: /home/tyu/Documents/llvm/Release+Asserts/bin/clang -E  conftest.c
configure:2268: $? = 0
configure:2295: /home/tyu/Documents/llvm/Release+Asserts/bin/clang -E  conftest.c
configure:2291:10: fatal error: 'ac_nonexistent.h' file not found
#include <ac_nonexistent.h>
         ^
1 error generated.
configure:2301: $? = 1
configure: failed program was:
#line 2290 "configure"
#include "confdefs.h"
#include <ac_nonexistent.h>
configure:2341: checking for egrep
configure:2351: result: grep -E
configure:2356: checking for ANSI C header files
configure:2370: /home/tyu/Documents/llvm/Release+Asserts/bin/clang -E  conftest.c
configure:2376: $? = 0
configure:2463: /home/tyu/Documents/llvm/Release+Asserts/bin/clang -o conftest -emit-llvm -flto -g   conftest.c  >&5
clang: warning: argument unused during compilation: '-flto'
configure:2454:7: warning: implicitly declaring library function 'exit' with type 'void (int) __attribute__((noreturn))'
      exit(2);
      ^
configure:2454:7: note: please include the header <stdlib.h> or explicitly provide a declaration for 'exit'
1 warning generated.
configure:2466: $? = 0
configure:2468: ./conftest
configure:2471: $? = 0
configure:2485: result: yes
configure:2509: checking for sys/types.h
configure:2522: /home/tyu/Documents/llvm/Release+Asserts/bin/clang -c -emit-llvm -flto -g  conftest.c >&5
clang: warning: argument unused during compilation: '-flto'
configure:2525: $? = 0
configure:2528: test -s conftest.o
configure:2531: $? = 0
configure:2541: result: yes
configure:2509: checking for sys/stat.h
configure:2522: /home/tyu/Documents/llvm/Release+Asserts/bin/clang -c -emit-llvm -flto -g  conftest.c >&5
clang: warning: argument unused during compilation: '-flto'
configure:2525: $? = 0
configure:2528: test -s conftest.o
configure:2531: $? = 0
configure:2541: result: yes
configure:2509: checking for stdlib.h
configure:2522: /home/tyu/Documents/llvm/Release+Asserts/bin/clang -c -emit-llvm -flto -g  conftest.c >&5
clang: warning: argument unused during compilation: '-flto'
configure:2525: $? = 0
configure:2528: test -s conftest.o
configure:2531: $? = 0
configure:2541: result: yes
configure:2509: checking for string.h
configure:2522: /home/tyu/Documents/llvm/Release+Asserts/bin/clang -c -emit-llvm -flto -g  conftest.c >&5
clang: warning: argument unused during compilation: '-flto'
configure:2525: $? = 0
configure:2528: test -s conftest.o
configure:2531: $? = 0
configure:2541: result: yes
configure:2509: checking for memory.h
configure:2522: /home/tyu/Documents/llvm/Release+Asserts/bin/clang -c -emit-llvm -flto -g  conftest.c >&5
clang: warning: argument unused during compilation: '-flto'
configure:2525: $? = 0
configure:2528: test -s conftest.o
configure:2531: $? = 0
configure:2541: result: yes
configure:2509: checking for strings.h
configure:2522: /home/tyu/Documents/llvm/Release+Asserts/bin/clang -c -emit-llvm -flto -g  conftest.c >&5
clang: warning: argument unused during compilation: '-flto'
configure:2525: $? = 0
configure:2528: test -s conftest.o
configure:2531: $? = 0
configure:2541: result: yes
configure:2509: checking for inttypes.h
configure:2522: /home/tyu/Documents/llvm/Release+Asserts/bin/clang -c -emit-llvm -flto -g  conftest.c >&5
clang: warning: argument unused during compilation: '-flto'
configure:2525: $? = 0
configure:2528: test -s conftest.o
configure:2531: $? = 0
configure:2541: result: yes
configure:2509: checking for stdint.h
configure:2522: /home/tyu/Documents/llvm/Release+Asserts/bin/clang -c -emit-llvm -flto -g  conftest.c >&5
clang: warning: argument unused during compilation: '-flto'
configure:2525: $? = 0
configure:2528: test -s conftest.o
configure:2531: $? = 0
configure:2541: result: yes
configure:2509: checking for unistd.h
configure:2522: /home/tyu/Documents/llvm/Release+Asserts/bin/clang -c -emit-llvm -flto -g  conftest.c >&5
clang: warning: argument unused during compilation: '-flto'
configure:2525: $? = 0
configure:2528: test -s conftest.o
configure:2531: $? = 0
configure:2541: result: yes
configure:2567: checking limits.h usability
configure:2576: /home/tyu/Documents/llvm/Release+Asserts/bin/clang -c -emit-llvm -flto -g  conftest.c >&5
clang: warning: argument unused during compilation: '-flto'
configure:2579: $? = 0
configure:2582: test -s conftest.o
configure:2585: $? = 0
configure:2594: result: yes
configure:2598: checking limits.h presence
configure:2605: /home/tyu/Documents/llvm/Release+Asserts/bin/clang -E  conftest.c
configure:2611: $? = 0
configure:2629: result: yes
configure:2647: checking for limits.h
configure:2654: result: yes
configure:2669: checking for an ANSI C-conforming const
configure:2733: /home/tyu/Documents/llvm/Release+Asserts/bin/clang -c -emit-llvm -flto -g  conftest.c >&5
clang: warning: argument unused during compilation: '-flto'
configure:2736: $? = 0
configure:2739: test -s conftest.o
configure:2742: $? = 0
configure:2752: result: yes
configure:2762: checking for size_t
configure:2783: /home/tyu/Documents/llvm/Release+Asserts/bin/clang -c -emit-llvm -flto -g  conftest.c >&5
clang: warning: argument unused during compilation: '-flto'
configure:2786: $? = 0
configure:2789: test -s conftest.o
configure:2792: $? = 0
configure:2802: result: yes
configure:2822: checking for bcopy
configure:2859: /home/tyu/Documents/llvm/Release+Asserts/bin/clang -o conftest -emit-llvm -flto -g   conftest.c  >&5
clang: warning: argument unused during compilation: '-flto'
configure:2862: $? = 0
configure:2865: test -s conftest
configure:2868: $? = 0
configure:2878: result: yes
configure:2822: checking for memmove
configure:2859: /home/tyu/Documents/llvm/Release+Asserts/bin/clang -o conftest -emit-llvm -flto -g   conftest.c  >&5
clang: warning: argument unused during compilation: '-flto'
configure:2837:6: warning: incompatible redeclaration of library function 'memmove'
char memmove ();
     ^
configure:2837:6: note: 'memmove' is a builtin with type 'void *(void *, const void *, unsigned long)'
1 warning generated.
configure:2862: $? = 0
configure:2865: test -s conftest
configure:2868: $? = 0
configure:2878: result: yes
configure:2822: checking for strerror
configure:2859: /home/tyu/Documents/llvm/Release+Asserts/bin/clang -o conftest -emit-llvm -flto -g   conftest.c  >&5
clang: warning: argument unused during compilation: '-flto'
configure:2837:6: warning: incompatible redeclaration of library function 'strerror'
char strerror ();
     ^
configure:2837:6: note: 'strerror' is a builtin with type 'char *(int)'
1 warning generated.
configure:2862: $? = 0
configure:2865: test -s conftest
configure:2868: $? = 0
configure:2878: result: yes
configure:3043: creating ./config.status

## ---------------------- ##
## Running config.status. ##
## ---------------------- ##

This file was extended by config.status, which was
generated by GNU Autoconf 2.54.  Invocation command line was

  CONFIG_FILES    = 
  CONFIG_HEADERS  = 
  CONFIG_LINKS    = 
  CONFIG_COMMANDS = 
  $ ./config.status 

on ubuntu

config.status:606: creating Makefile
config.status:606: creating pcre.h
config.status:606: creating pcre-config
config.status:702: creating config.h
config.status:811: config.h is unchanged
config.status:911: executing default commands

## ---------------- ##
## Cache variables. ##
## ---------------- ##

ac_cv_c_compiler_gnu=yes
ac_cv_c_const=yes
ac_cv_env_CC_set=set
ac_cv_env_CC_value=/home/tyu/Documents/llvm/Release+Asserts/bin/clang
ac_cv_env_CFLAGS_set=set
ac_cv_env_CFLAGS_value='-emit-llvm -flto -g'
ac_cv_env_CPPFLAGS_set=
ac_cv_env_CPPFLAGS_value=
ac_cv_env_CPP_set=set
ac_cv_env_CPP_value='/home/tyu/Documents/llvm/Release+Asserts/bin/clang -E'
ac_cv_env_LDFLAGS_set=
ac_cv_env_LDFLAGS_value=
ac_cv_env_build_alias_set=
ac_cv_env_build_alias_value=
ac_cv_env_host_alias_set=
ac_cv_env_host_alias_value=
ac_cv_env_target_alias_set=
ac_cv_env_target_alias_value=
ac_cv_exeext=
ac_cv_func_bcopy=yes
ac_cv_func_memmove=yes
ac_cv_func_strerror=yes
ac_cv_header_inttypes_h=yes
ac_cv_header_limits_h=yes
ac_cv_header_memory_h=yes
ac_cv_header_stdc=yes
ac_cv_header_stdint_h=yes
ac_cv_header_stdlib_h=yes
ac_cv_header_string_h=yes
ac_cv_header_strings_h=yes
ac_cv_header_sys_stat_h=yes
ac_cv_header_sys_types_h=yes
ac_cv_header_unistd_h=yes
ac_cv_objext=o
ac_cv_prog_CPP='/home/tyu/Documents/llvm/Release+Asserts/bin/clang -E'
ac_cv_prog_ac_ct_CC=/home/tyu/Documents/llvm/Release+Asserts/bin/clang
ac_cv_prog_ac_ct_RANLIB='ar --plugin=/home/tyu/Documents/llvm/Release+Asserts/lib/LLVMgold.so -s'
ac_cv_prog_cc_g=yes
ac_cv_prog_cc_stdc=
ac_cv_prog_egrep='grep -E'
ac_cv_type_size_t=yes

## ----------------- ##
## Output variables. ##
## ----------------- ##

CC='/home/tyu/Documents/llvm/Release+Asserts/bin/clang'
CFLAGS='-emit-llvm -flto -g'
CPP='/home/tyu/Documents/llvm/Release+Asserts/bin/clang -E'
CPPFLAGS=''
DEFS='-DHAVE_CONFIG_H'
ECHO_C=''
ECHO_N='-n'
ECHO_T=''
EGREP='grep -E'
EXEEXT=''
HAVE_MEMMOVE=''
HAVE_STRERROR=''
LDFLAGS=''
LIBOBJS=''
LIBS=''
LIBSUFFIX='a'
LIBTOOL=''
LTLIBOBJS=''
NEWLINE=''
OBJEXT='o'
PACKAGE_BUGREPORT=''
PACKAGE_NAME=''
PACKAGE_STRING=''
PACKAGE_TARNAME=''
PACKAGE_VERSION=''
PATH_SEPARATOR=':'
PCRE_DATE='02-Jan-2002'
PCRE_LIB_VERSION='0:1:0'
PCRE_MAJOR='3'
PCRE_MINOR='9'
PCRE_POSIXLIB_VERSION='0:0:0'
PCRE_VERSION='3.9'
RANLIB='ar --plugin=/home/tyu/Documents/llvm/Release+Asserts/lib/LLVMgold.so -s'
SHELL='/bin/bash'
UTF8=''
ac_ct_CC='/home/tyu/Documents/llvm/Release+Asserts/bin/clang'
ac_ct_RANLIB='ar --plugin=/home/tyu/Documents/llvm/Release+Asserts/lib/LLVMgold.so -s'
bindir='${prefix}/bin'
build_alias=''
datadir='${prefix}/share'
exec_prefix='/home/tyu/Documents/concurrency-bugs/apache-25520/build/installed'
host_alias=''
includedir='/home/tyu/Documents/concurrency-bugs/apache-25520/build/installed/include'
infodir='${prefix}/info'
libdir='${prefix}/lib'
libexecdir='${exec_prefix}/libexec'
localstatedir='${prefix}/var'
mandir='${prefix}/man'
oldincludedir='/usr/include'
prefix='/home/tyu/Documents/concurrency-bugs/apache-25520/build/installed'
program_transform_name='s,x,x,'
sbindir='${exec_prefix}/sbin'
sharedstatedir='${prefix}/com'
sysconfdir='${prefix}/etc'
target_alias=''

## ----------- ##
## confdefs.h. ##
## ----------- ##

#define HAVE_BCOPY 1
#define HAVE_INTTYPES_H 1
#define HAVE_LIMITS_H 1
#define HAVE_MEMMOVE 1
#define HAVE_MEMORY_H 1
#define HAVE_STDINT_H 1
#define HAVE_STDLIB_H 1
#define HAVE_STRERROR 1
#define HAVE_STRINGS_H 1
#define HAVE_STRING_H 1
#define HAVE_SYS_STAT_H 1
#define HAVE_SYS_TYPES_H 1
#define HAVE_UNISTD_H 1
#define PACKAGE_BUGREPORT ""
#define PACKAGE_NAME ""
#define PACKAGE_STRING ""
#define PACKAGE_TARNAME ""
#define PACKAGE_VERSION ""
#define STDC_HEADERS 1

configure: exit 0
